<?xml version="1.0" encoding="UTF-8"?>
<!-- Generated by org.testng.reporters.JUnitReportReporter -->
<testsuite ignored="0" hostname="DESKTOP-EKJ5BNI" failures="0" tests="2" name="EduITProy.Laboratorio3_Ejercicio1b" time="4.997" errors="0" timestamp="20 abr. 2024 13:37:21 GMT" skipped="0">
  <testcase classname="EduITProy.Laboratorio3_Ejercicio1b" name="dummyTest" time="0.366"/>
  <testcase classname="EduITProy.Laboratorio3_Ejercicio1b" name="registrarCuenta" time="4.631"/>
</testsuite> <!-- EduITProy.Laboratorio3_Ejercicio1b -->
