<?xml version="1.0" encoding="UTF-8"?>
<!-- Generated by org.testng.reporters.JUnitReportReporter -->
<testsuite ignored="0" hostname="DESKTOP-EKJ5BNI" failures="0" tests="1" name="pruebas.Laboratorio5_E3" time="2.213" errors="0" timestamp="27 abr. 2024 15:59:57 GMT" skipped="0">
  <testcase classname="pruebas.Laboratorio5_E3" name="popUp" time="2.213"/>
</testsuite> <!-- pruebas.Laboratorio5_E3 -->
