<?xml version="1.0" encoding="UTF-8"?>
<!-- Generated by org.testng.reporters.JUnitReportReporter -->
<testsuite ignored="0" hostname="DESKTOP-EKJ5BNI" failures="0" tests="2" name="pruebas.CrossBrowserTest" time="43.705" errors="0" timestamp="20 abr. 2024 15:42:08 GMT" skipped="0">
  <testcase classname="pruebas.CrossBrowserTest" name="buscarPalabra" time="16.682"/>
  <testcase classname="pruebas.CrossBrowserTest" name="buscarPalabra" time="27.023"/>
</testsuite> <!-- pruebas.CrossBrowserTest -->
