<?xml version="1.0" encoding="UTF-8"?>
<!-- Generated by org.testng.reporters.JUnitReportReporter -->
<testsuite ignored="0" hostname="DESKTOP-EKJ5BNI" failures="0" tests="1" name="pruebas.Laboratorio5_E4" time="0.119" errors="0" timestamp="26 abr. 2024 17:50:40 GMT" skipped="0">
  <testcase classname="pruebas.Laboratorio5_E4" name="verCelda" time="0.119"/>
</testsuite> <!-- pruebas.Laboratorio5_E4 -->
