<?xml version="1.0" encoding="UTF-8"?>
<!-- Generated by org.testng.reporters.JUnitReportReporter -->
<testsuite ignored="0" hostname="DESKTOP-EKJ5BNI" failures="0" tests="2" name="EduITProy.Annotations" time="0.022" errors="0" timestamp="20 abr. 2024 13:15:54 GMT" skipped="0">
  <testcase classname="EduITProy.Annotations" name="testCase1" time="0.017"/>
  <testcase classname="EduITProy.Annotations" name="testCase2" time="0.005"/>
</testsuite> <!-- EduITProy.Annotations -->
