<?xml version="1.0" encoding="UTF-8"?>
<!-- Generated by org.testng.reporters.JUnitReportReporter -->
<testsuite ignored="0" hostname="DESKTOP-EKJ5BNI" failures="0" tests="2" name="EduITProy.Laboratorio3_Ejercicio1" time="5.697" errors="0" timestamp="12 abr. 2024 19:05:42 GMT" skipped="0">
  <testcase classname="EduITProy.Laboratorio3_Ejercicio1" name="dummyTest" time="0.169"/>
  <testcase classname="EduITProy.Laboratorio3_Ejercicio1" name="registrarCuenta" time="5.528"/>
</testsuite> <!-- EduITProy.Laboratorio3_Ejercicio1 -->
