<?xml version="1.0" encoding="UTF-8"?>
<!-- Generated by org.testng.reporters.JUnitReportReporter -->
<testsuite ignored="0" hostname="DESKTOP-EKJ5BNI" failures="0" tests="3" name="pruebas.Laboratorio5_E1b" time="4.993" errors="0" timestamp="27 abr. 2024 14:58:28 GMT" skipped="0">
  <testcase classname="pruebas.Laboratorio5_E1b" name="irRegistroLogin" time="1.825"/>
  <testcase classname="pruebas.Laboratorio5_E1b" name="irRegistroLogin" time="1.597"/>
  <testcase classname="pruebas.Laboratorio5_E1b" name="irRegistroLogin" time="1.571"/>
</testsuite> <!-- pruebas.Laboratorio5_E1b -->
